<?xml version="1.0" encoding="UTF-8"?>
<!-- Generated by org.testng.reporters.JUnitXMLReporter -->
<testsuite hostname="Samsul_Alam" ignored="0" name="GRP-Regression" tests="4" failures="0" timestamp="2021-07-25T13:58:17 IST" time="92.197" errors="0">
  <testcase name="bestSellerLinkValidation" time="3.384" classname="com.test.TestNG.TestAnnotations"/>
  <testcase name="mobileLinkValidation" time="23.48" classname="com.test.TestNG.TestAnnotations"/>
  <testcase name="fashionLinkValidation" time="14.772" classname="com.test.TestNG.TestAnnotations"/>
  <testcase name="electronicsLinkValidation" time="5.335" classname="com.test.TestNG.TestAnnotations"/>
</testsuite> <!-- GRP-Regression -->
