<?xml version="1.0" encoding="UTF-8"?>
<!-- Generated by org.testng.reporters.JUnitXMLReporter -->
<testsuite hostname="Samsul_Alam" ignored="9" tests="0" failures="0" timestamp="2021-07-23T12:22:31 IST" time="0.021" errors="0">
  <testcase name="verifyHomeGarden" time="0.0" classname="com.test.TestNG.TestNGGroups">
    <ignored/>
  </testcase> <!-- verifyHomeGarden -->
  <testcase name="verifySavedLink" time="0.0" classname="com.test.TestNG.TestNGGroups">
    <ignored/>
  </testcase> <!-- verifySavedLink -->
  <testcase name="verifyButtonText" time="0.0" classname="com.test.TestNG.TestNGGroups">
    <ignored/>
  </testcase> <!-- verifyButtonText -->
  <testcase name="verifyHealthLink" time="0.0" classname="com.test.TestNG.TestNGGroups">
    <ignored/>
  </testcase> <!-- verifyHealthLink -->
  <testcase name="verifyFashionLink" time="0.0" classname="com.test.TestNG.TestNGGroups">
    <ignored/>
  </testcase> <!-- verifyFashionLink -->
  <testcase name="verifySearchText" time="0.0" classname="com.test.TestNG.TestNGGroups">
    <ignored/>
  </testcase> <!-- verifySearchText -->
  <testcase name="verifyHomeLink" time="0.0" classname="com.test.TestNG.TestNGGroups">
    <ignored/>
  </testcase> <!-- verifyHomeLink -->
  <testcase name="verifyElectronicsLink" time="0.0" classname="com.test.TestNG.TestNGGroups">
    <ignored/>
  </testcase> <!-- verifyElectronicsLink -->
  <testcase name="verifyTitle" time="0.0" classname="com.test.TestNG.TestNGGroups">
    <ignored/>
  </testcase> <!-- verifyTitle -->
</testsuite>
